{"/Users/osamagamal/Documents/Work/Projects/Pokemon-go-react/src/App.tsx": {"path":"/Users/osamagamal/Documents/Work/Projects/Pokemon-go-react/src/App.tsx","all":true,"statementMap":{"0":{"start":{"line":1,"column":0},"end":{"line":1,"column":25}},"1":{"start":{"line":2,"column":0},"end":{"line":2,"column":48}},"2":{"start":{"line":3,"column":0},"end":{"line":3,"column":50}},"3":{"start":{"line":4,"column":0},"end":{"line":4,"column":55}},"5":{"start":{"line":6,"column":0},"end":{"line":6,"column":29}},"6":{"start":{"line":7,"column":0},"end":{"line":7,"column":10}},"7":{"start":{"line":8,"column":0},"end":{"line":8,"column":25}},"8":{"start":{"line":9,"column":0},"end":{"line":9,"column":37}},"9":{"start":{"line":10,"column":0},"end":{"line":10,"column":24}},"10":{"start":{"line":11,"column":0},"end":{"line":11,"column":15}},"11":{"start":{"line":12,"column":0},"end":{"line":12,"column":12}},"12":{"start":{"line":13,"column":0},"end":{"line":13,"column":16}},"13":{"start":{"line":14,"column":0},"end":{"line":14,"column":54}},"14":{"start":{"line":15,"column":0},"end":{"line":15,"column":68}},"15":{"start":{"line":16,"column":0},"end":{"line":16,"column":17}},"16":{"start":{"line":17,"column":0},"end":{"line":17,"column":13}},"17":{"start":{"line":18,"column":0},"end":{"line":18,"column":10}},"19":{"start":{"line":20,"column":0},"end":{"line":20,"column":1}},"21":{"start":{"line":22,"column":0},"end":{"line":22,"column":18}}},"s":{"0":0,"1":0,"2":0,"3":0,"5":0,"6":0,"7":0,"8":0,"9":0,"10":0,"11":0,"12":0,"13":0,"14":0,"15":0,"16":0,"17":0,"19":0,"21":0},"branchMap":{"0":{"type":"branch","line":1,"loc":{"start":{"line":1,"column":551},"end":{"line":22,"column":18}},"locations":[{"start":{"line":1,"column":551},"end":{"line":22,"column":18}}]}},"b":{"0":[0]},"fnMap":{"0":{"name":"(empty-report)","decl":{"start":{"line":1,"column":551},"end":{"line":22,"column":18}},"loc":{"start":{"line":1,"column":551},"end":{"line":22,"column":18}},"line":1}},"f":{"0":0}}
,"/Users/osamagamal/Documents/Work/Projects/Pokemon-go-react/src/main.tsx": {"path":"/Users/osamagamal/Documents/Work/Projects/Pokemon-go-react/src/main.tsx","all":true,"statementMap":{"0":{"start":{"line":1,"column":0},"end":{"line":1,"column":25}},"1":{"start":{"line":2,"column":0},"end":{"line":2,"column":39}},"2":{"start":{"line":3,"column":0},"end":{"line":3,"column":38}},"3":{"start":{"line":4,"column":0},"end":{"line":4,"column":48}},"4":{"start":{"line":5,"column":0},"end":{"line":5,"column":31}},"5":{"start":{"line":6,"column":0},"end":{"line":6,"column":23}},"6":{"start":{"line":7,"column":0},"end":{"line":7,"column":20}},"8":{"start":{"line":9,"column":0},"end":{"line":9,"column":61}},"9":{"start":{"line":10,"column":0},"end":{"line":10,"column":20}},"10":{"start":{"line":11,"column":0},"end":{"line":11,"column":28}},"11":{"start":{"line":12,"column":0},"end":{"line":12,"column":21}},"12":{"start":{"line":13,"column":0},"end":{"line":13,"column":15}},"13":{"start":{"line":14,"column":0},"end":{"line":14,"column":22}},"14":{"start":{"line":15,"column":0},"end":{"line":15,"column":15}},"15":{"start":{"line":16,"column":0},"end":{"line":16,"column":21}},"16":{"start":{"line":17,"column":0},"end":{"line":17,"column":1}}},"s":{"0":0,"1":0,"2":0,"3":0,"4":0,"5":0,"6":0,"8":0,"9":0,"10":0,"11":0,"12":0,"13":0,"14":0,"15":0,"16":0},"branchMap":{"0":{"type":"branch","line":1,"loc":{"start":{"line":1,"column":374},"end":{"line":17,"column":-290}},"locations":[{"start":{"line":1,"column":374},"end":{"line":17,"column":-290}}]}},"b":{"0":[0]},"fnMap":{"0":{"name":"(empty-report)","decl":{"start":{"line":1,"column":374},"end":{"line":17,"column":-290}},"loc":{"start":{"line":1,"column":374},"end":{"line":17,"column":-290}},"line":1}},"f":{"0":0}}
,"/Users/osamagamal/Documents/Work/Projects/Pokemon-go-react/src/store.ts": {"path":"/Users/osamagamal/Documents/Work/Projects/Pokemon-go-react/src/store.ts","all":true,"statementMap":{"0":{"start":{"line":1,"column":0},"end":{"line":1,"column":49}},"1":{"start":{"line":2,"column":0},"end":{"line":2,"column":56}},"3":{"start":{"line":4,"column":0},"end":{"line":4,"column":48}},"4":{"start":{"line":5,"column":0},"end":{"line":5,"column":14}},"5":{"start":{"line":6,"column":0},"end":{"line":6,"column":53}},"6":{"start":{"line":7,"column":0},"end":{"line":7,"column":6}},"7":{"start":{"line":8,"column":0},"end":{"line":8,"column":41}},"8":{"start":{"line":9,"column":0},"end":{"line":9,"column":61}},"9":{"start":{"line":10,"column":0},"end":{"line":10,"column":3}},"11":{"start":{"line":12,"column":0},"end":{"line":12,"column":34}}},"s":{"0":0,"1":0,"3":0,"4":0,"5":0,"6":0,"7":0,"8":0,"9":0,"11":0},"branchMap":{"0":{"type":"branch","line":1,"loc":{"start":{"line":1,"column":482},"end":{"line":14,"column":47}},"locations":[{"start":{"line":1,"column":482},"end":{"line":14,"column":47}}]}},"b":{"0":[0]},"fnMap":{"0":{"name":"(empty-report)","decl":{"start":{"line":1,"column":482},"end":{"line":14,"column":47}},"loc":{"start":{"line":1,"column":482},"end":{"line":14,"column":47}},"line":1}},"f":{"0":0}}
,"/Users/osamagamal/Documents/Work/Projects/Pokemon-go-react/src/components/PokmenDetails.tsx": {"path":"/Users/osamagamal/Documents/Work/Projects/Pokemon-go-react/src/components/PokmenDetails.tsx","all":false,"statementMap":{"0":{"start":{"line":1,"column":0},"end":{"line":1,"column":73}},"2":{"start":{"line":3,"column":0},"end":{"line":3,"column":56}},"3":{"start":{"line":4,"column":0},"end":{"line":4,"column":24}},"5":{"start":{"line":6,"column":0},"end":{"line":6,"column":30}},"6":{"start":{"line":7,"column":0},"end":{"line":7,"column":29}},"7":{"start":{"line":8,"column":0},"end":{"line":8,"column":82}},"9":{"start":{"line":10,"column":0},"end":{"line":10,"column":82}},"10":{"start":{"line":11,"column":0},"end":{"line":11,"column":91}},"12":{"start":{"line":13,"column":0},"end":{"line":13,"column":81}},"13":{"start":{"line":14,"column":0},"end":{"line":14,"column":48}},"15":{"start":{"line":16,"column":0},"end":{"line":16,"column":10}},"16":{"start":{"line":17,"column":0},"end":{"line":17,"column":47}},"17":{"start":{"line":18,"column":0},"end":{"line":18,"column":67}},"19":{"start":{"line":20,"column":0},"end":{"line":20,"column":44}},"20":{"start":{"line":21,"column":0},"end":{"line":21,"column":40}},"21":{"start":{"line":22,"column":0},"end":{"line":22,"column":58}},"22":{"start":{"line":23,"column":0},"end":{"line":23,"column":88}},"23":{"start":{"line":24,"column":0},"end":{"line":24,"column":14}},"25":{"start":{"line":26,"column":0},"end":{"line":26,"column":49}},"26":{"start":{"line":27,"column":0},"end":{"line":27,"column":15}},"27":{"start":{"line":28,"column":0},"end":{"line":28,"column":27}},"28":{"start":{"line":29,"column":0},"end":{"line":29,"column":31}},"29":{"start":{"line":30,"column":0},"end":{"line":30,"column":37}},"30":{"start":{"line":31,"column":0},"end":{"line":31,"column":29}},"31":{"start":{"line":32,"column":0},"end":{"line":32,"column":45}},"32":{"start":{"line":33,"column":0},"end":{"line":33,"column":83}},"33":{"start":{"line":34,"column":0},"end":{"line":34,"column":14}},"34":{"start":{"line":35,"column":0},"end":{"line":35,"column":12}},"35":{"start":{"line":36,"column":0},"end":{"line":36,"column":14}},"37":{"start":{"line":38,"column":0},"end":{"line":38,"column":39}},"38":{"start":{"line":39,"column":0},"end":{"line":39,"column":45}},"39":{"start":{"line":40,"column":0},"end":{"line":40,"column":18}},"40":{"start":{"line":41,"column":0},"end":{"line":41,"column":35}},"41":{"start":{"line":42,"column":0},"end":{"line":42,"column":55}},"43":{"start":{"line":44,"column":0},"end":{"line":44,"column":30}},"44":{"start":{"line":45,"column":0},"end":{"line":45,"column":19}},"45":{"start":{"line":46,"column":0},"end":{"line":46,"column":13}},"46":{"start":{"line":47,"column":0},"end":{"line":47,"column":14}},"48":{"start":{"line":49,"column":0},"end":{"line":49,"column":39}},"49":{"start":{"line":50,"column":0},"end":{"line":50,"column":32}},"50":{"start":{"line":51,"column":0},"end":{"line":51,"column":54}},"51":{"start":{"line":52,"column":0},"end":{"line":52,"column":84}},"52":{"start":{"line":53,"column":0},"end":{"line":53,"column":16}},"53":{"start":{"line":54,"column":0},"end":{"line":54,"column":32}},"54":{"start":{"line":55,"column":0},"end":{"line":55,"column":54}},"55":{"start":{"line":56,"column":0},"end":{"line":56,"column":85}},"56":{"start":{"line":57,"column":0},"end":{"line":57,"column":16}},"57":{"start":{"line":58,"column":0},"end":{"line":58,"column":45}},"58":{"start":{"line":59,"column":0},"end":{"line":59,"column":60}},"59":{"start":{"line":60,"column":0},"end":{"line":60,"column":84}},"60":{"start":{"line":61,"column":0},"end":{"line":61,"column":50}},"61":{"start":{"line":62,"column":0},"end":{"line":62,"column":21}},"62":{"start":{"line":63,"column":0},"end":{"line":63,"column":39}},"63":{"start":{"line":64,"column":0},"end":{"line":64,"column":26}},"64":{"start":{"line":65,"column":0},"end":{"line":65,"column":62}},"65":{"start":{"line":66,"column":0},"end":{"line":66,"column":50}},"66":{"start":{"line":67,"column":0},"end":{"line":67,"column":43}},"68":{"start":{"line":69,"column":0},"end":{"line":69,"column":70}},"69":{"start":{"line":70,"column":0},"end":{"line":70,"column":22}},"70":{"start":{"line":71,"column":0},"end":{"line":71,"column":20}},"71":{"start":{"line":72,"column":0},"end":{"line":72,"column":18}},"72":{"start":{"line":73,"column":0},"end":{"line":73,"column":13}},"73":{"start":{"line":74,"column":0},"end":{"line":74,"column":14}},"74":{"start":{"line":75,"column":0},"end":{"line":75,"column":12}},"75":{"start":{"line":76,"column":0},"end":{"line":76,"column":10}},"77":{"start":{"line":78,"column":0},"end":{"line":78,"column":2}},"79":{"start":{"line":80,"column":0},"end":{"line":80,"column":30}}},"s":{"0":1,"2":1,"3":1,"5":1,"6":4,"7":4,"9":4,"10":4,"12":4,"13":1,"15":4,"16":4,"17":4,"19":4,"20":4,"21":4,"22":4,"23":4,"25":4,"26":4,"27":4,"28":4,"29":4,"30":4,"31":0,"32":0,"33":0,"34":4,"35":4,"37":4,"38":4,"39":2,"40":2,"41":2,"43":2,"44":2,"45":4,"46":4,"48":4,"49":4,"50":4,"51":4,"52":4,"53":4,"54":4,"55":4,"56":4,"57":4,"58":4,"59":4,"60":4,"61":4,"62":4,"63":4,"64":4,"65":4,"66":4,"68":4,"69":4,"70":4,"71":4,"72":4,"73":4,"74":4,"75":4,"77":4,"79":1},"branchMap":{"0":{"type":"branch","line":6,"loc":{"start":{"line":6,"column":23},"end":{"line":78,"column":2}},"locations":[{"start":{"line":6,"column":23},"end":{"line":78,"column":2}}]},"1":{"type":"branch","line":8,"loc":{"start":{"line":8,"column":72},"end":{"line":8,"column":80}},"locations":[{"start":{"line":8,"column":72},"end":{"line":8,"column":80}}]},"2":{"type":"branch","line":10,"loc":{"start":{"line":10,"column":17},"end":{"line":10,"column":82}},"locations":[{"start":{"line":10,"column":17},"end":{"line":10,"column":82}}]},"3":{"type":"branch","line":10,"loc":{"start":{"line":10,"column":75},"end":{"line":11,"column":15}},"locations":[{"start":{"line":10,"column":75},"end":{"line":11,"column":15}}]},"4":{"type":"branch","line":11,"loc":{"start":{"line":11,"column":6},"end":{"line":11,"column":25}},"locations":[{"start":{"line":11,"column":6},"end":{"line":11,"column":25}}]},"5":{"type":"branch","line":11,"loc":{"start":{"line":11,"column":25},"end":{"line":11,"column":91}},"locations":[{"start":{"line":11,"column":25},"end":{"line":11,"column":91}}]},"6":{"type":"branch","line":11,"loc":{"start":{"line":11,"column":84},"end":{"line":13,"column":64}},"locations":[{"start":{"line":11,"column":84},"end":{"line":13,"column":64}}]},"7":{"type":"branch","line":13,"loc":{"start":{"line":13,"column":61},"end":{"line":13,"column":81}},"locations":[{"start":{"line":13,"column":61},"end":{"line":13,"column":81}}]},"8":{"type":"branch","line":13,"loc":{"start":{"line":13,"column":64},"end":{"line":14,"column":48}},"locations":[{"start":{"line":13,"column":64},"end":{"line":14,"column":48}}]},"9":{"type":"branch","line":39,"loc":{"start":{"line":39,"column":29},"end":{"line":45,"column":19}},"locations":[{"start":{"line":39,"column":29},"end":{"line":45,"column":19}}]},"10":{"type":"branch","line":58,"loc":{"start":{"line":58,"column":29},"end":{"line":72,"column":18}},"locations":[{"start":{"line":58,"column":29},"end":{"line":72,"column":18}}]}},"b":{"0":[4],"1":[0],"2":[1],"3":[3],"4":[2],"5":[1],"6":[2],"7":[1],"8":[1],"9":[2],"10":[4]},"fnMap":{"0":{"name":"PokemonDetails","decl":{"start":{"line":6,"column":23},"end":{"line":78,"column":2}},"loc":{"start":{"line":6,"column":23},"end":{"line":78,"column":2}},"line":6},"1":{"name":"onError","decl":{"start":{"line":31,"column":21},"end":{"line":34,"column":14}},"loc":{"start":{"line":31,"column":21},"end":{"line":34,"column":14}},"line":31}},"f":{"0":4,"1":0}}
,"/Users/osamagamal/Documents/Work/Projects/Pokemon-go-react/src/components/PokmentList.tsx": {"path":"/Users/osamagamal/Documents/Work/Projects/Pokemon-go-react/src/components/PokmentList.tsx","all":false,"statementMap":{"0":{"start":{"line":1,"column":0},"end":{"line":1,"column":25}},"1":{"start":{"line":2,"column":0},"end":{"line":2,"column":69}},"2":{"start":{"line":3,"column":0},"end":{"line":3,"column":39}},"4":{"start":{"line":5,"column":0},"end":{"line":5,"column":37}},"5":{"start":{"line":6,"column":0},"end":{"line":6,"column":85}},"7":{"start":{"line":8,"column":0},"end":{"line":8,"column":73}},"8":{"start":{"line":9,"column":0},"end":{"line":9,"column":70}},"10":{"start":{"line":11,"column":0},"end":{"line":11,"column":41}},"11":{"start":{"line":12,"column":0},"end":{"line":12,"column":32}},"12":{"start":{"line":13,"column":0},"end":{"line":13,"column":34}},"13":{"start":{"line":14,"column":0},"end":{"line":14,"column":3}},"15":{"start":{"line":16,"column":0},"end":{"line":16,"column":10}},"16":{"start":{"line":17,"column":0},"end":{"line":17,"column":34}},"17":{"start":{"line":18,"column":0},"end":{"line":18,"column":39}},"18":{"start":{"line":19,"column":0},"end":{"line":19,"column":51}},"19":{"start":{"line":20,"column":0},"end":{"line":20,"column":139}},"21":{"start":{"line":22,"column":0},"end":{"line":22,"column":16}},"22":{"start":{"line":23,"column":0},"end":{"line":23,"column":15}},"23":{"start":{"line":24,"column":0},"end":{"line":24,"column":30}},"24":{"start":{"line":25,"column":0},"end":{"line":25,"column":43}},"25":{"start":{"line":26,"column":0},"end":{"line":26,"column":36}},"27":{"start":{"line":28,"column":0},"end":{"line":28,"column":43}},"28":{"start":{"line":29,"column":0},"end":{"line":29,"column":18}},"29":{"start":{"line":30,"column":0},"end":{"line":30,"column":30}},"30":{"start":{"line":31,"column":0},"end":{"line":31,"column":34}},"31":{"start":{"line":32,"column":0},"end":{"line":32,"column":33}},"32":{"start":{"line":33,"column":0},"end":{"line":33,"column":100}},"33":{"start":{"line":34,"column":0},"end":{"line":34,"column":18}},"34":{"start":{"line":35,"column":0},"end":{"line":35,"column":16}},"35":{"start":{"line":36,"column":0},"end":{"line":36,"column":18}},"36":{"start":{"line":37,"column":0},"end":{"line":37,"column":47}},"37":{"start":{"line":38,"column":0},"end":{"line":38,"column":71}},"38":{"start":{"line":39,"column":0},"end":{"line":39,"column":86}},"39":{"start":{"line":40,"column":0},"end":{"line":40,"column":18}},"40":{"start":{"line":41,"column":0},"end":{"line":41,"column":17}},"42":{"start":{"line":43,"column":0},"end":{"line":43,"column":9}},"43":{"start":{"line":44,"column":0},"end":{"line":44,"column":10}},"45":{"start":{"line":46,"column":0},"end":{"line":46,"column":1}},"47":{"start":{"line":48,"column":0},"end":{"line":48,"column":26}}},"s":{"0":1,"1":1,"2":1,"4":1,"5":4,"7":4,"8":4,"10":2,"11":8,"12":8,"13":8,"15":2,"16":2,"17":4,"18":8,"19":8,"21":8,"22":8,"23":8,"24":8,"25":8,"27":8,"28":8,"29":8,"30":8,"31":8,"32":0,"33":0,"34":8,"35":8,"36":8,"37":8,"38":8,"39":8,"40":8,"42":4,"43":4,"45":4,"47":1},"branchMap":{"0":{"type":"branch","line":5,"loc":{"start":{"line":5,"column":30},"end":{"line":46,"column":1}},"locations":[{"start":{"line":5,"column":30},"end":{"line":46,"column":1}}]},"1":{"type":"branch","line":8,"loc":{"start":{"line":8,"column":17},"end":{"line":8,"column":73}},"locations":[{"start":{"line":8,"column":17},"end":{"line":8,"column":73}}]},"2":{"type":"branch","line":8,"loc":{"start":{"line":8,"column":67},"end":{"line":9,"column":20}},"locations":[{"start":{"line":8,"column":67},"end":{"line":9,"column":20}}]},"3":{"type":"branch","line":9,"loc":{"start":{"line":9,"column":13},"end":{"line":9,"column":70}},"locations":[{"start":{"line":9,"column":13},"end":{"line":9,"column":70}}]},"4":{"type":"branch","line":9,"loc":{"start":{"line":9,"column":64},"end":{"line":18,"column":21}},"locations":[{"start":{"line":9,"column":64},"end":{"line":18,"column":21}}]},"5":{"type":"branch","line":11,"loc":{"start":{"line":11,"column":23},"end":{"line":14,"column":3}},"locations":[{"start":{"line":11,"column":23},"end":{"line":14,"column":3}}]},"6":{"type":"branch","line":18,"loc":{"start":{"line":18,"column":25},"end":{"line":43,"column":7}},"locations":[{"start":{"line":18,"column":25},"end":{"line":43,"column":7}}]}},"b":{"0":[4],"1":[1],"2":[3],"3":[1],"4":[2],"5":[8],"6":[8]},"fnMap":{"0":{"name":"PokemonList","decl":{"start":{"line":5,"column":30},"end":{"line":46,"column":1}},"loc":{"start":{"line":5,"column":30},"end":{"line":46,"column":1}},"line":5},"1":{"name":"getPokemonId","decl":{"start":{"line":11,"column":23},"end":{"line":14,"column":3}},"loc":{"start":{"line":11,"column":23},"end":{"line":14,"column":3}},"line":11},"2":{"name":"onError","decl":{"start":{"line":32,"column":25},"end":{"line":34,"column":18}},"loc":{"start":{"line":32,"column":25},"end":{"line":34,"column":18}},"line":32}},"f":{"0":4,"1":8,"2":0}}
,"/Users/osamagamal/Documents/Work/Projects/Pokemon-go-react/src/features/Pokmen/pokmenApi.ts": {"path":"/Users/osamagamal/Documents/Work/Projects/Pokemon-go-react/src/features/Pokmen/pokmenApi.ts","all":false,"statementMap":{"0":{"start":{"line":1,"column":0},"end":{"line":1,"column":72}},"33":{"start":{"line":34,"column":0},"end":{"line":34,"column":37}},"34":{"start":{"line":35,"column":0},"end":{"line":35,"column":28}},"35":{"start":{"line":36,"column":0},"end":{"line":36,"column":71}},"36":{"start":{"line":37,"column":0},"end":{"line":37,"column":28}},"37":{"start":{"line":38,"column":0},"end":{"line":38,"column":91}},"38":{"start":{"line":39,"column":0},"end":{"line":39,"column":87}},"39":{"start":{"line":40,"column":0},"end":{"line":40,"column":7}},"40":{"start":{"line":41,"column":0},"end":{"line":41,"column":71}},"41":{"start":{"line":42,"column":0},"end":{"line":42,"column":37}},"42":{"start":{"line":43,"column":0},"end":{"line":43,"column":7}},"43":{"start":{"line":44,"column":0},"end":{"line":44,"column":5}},"44":{"start":{"line":45,"column":0},"end":{"line":45,"column":2}},"46":{"start":{"line":47,"column":0},"end":{"line":47,"column":79}}},"s":{"0":1,"33":1,"34":1,"35":1,"36":1,"37":1,"38":1,"39":1,"40":1,"41":1,"42":1,"43":1,"44":1,"46":1},"branchMap":{"0":{"type":"branch","line":37,"loc":{"start":{"line":37,"column":13},"end":{"line":44,"column":5}},"locations":[{"start":{"line":37,"column":13},"end":{"line":44,"column":5}}]}},"b":{"0":[1]},"fnMap":{"0":{"name":"endpoints","decl":{"start":{"line":37,"column":13},"end":{"line":44,"column":5}},"loc":{"start":{"line":37,"column":13},"end":{"line":44,"column":5}},"line":37},"1":{"name":"query","decl":{"start":{"line":39,"column":13},"end":{"line":39,"column":87}},"loc":{"start":{"line":39,"column":13},"end":{"line":39,"column":87}},"line":39},"2":{"name":"query","decl":{"start":{"line":42,"column":13},"end":{"line":42,"column":37}},"loc":{"start":{"line":42,"column":13},"end":{"line":42,"column":37}},"line":42}},"f":{"0":1,"1":0,"2":0}}
,"/Users/osamagamal/Documents/Work/Projects/Pokemon-go-react/src/features/Pokmen/pokmenSlice.ts": {"path":"/Users/osamagamal/Documents/Work/Projects/Pokemon-go-react/src/features/Pokmen/pokmenSlice.ts","all":true,"statementMap":{},"s":{},"branchMap":{"0":{"type":"branch","line":1,"loc":{"start":{"line":1,"column":0},"end":{"line":1,"column":0}},"locations":[{"start":{"line":1,"column":0},"end":{"line":1,"column":0}}]}},"b":{"0":[1]},"fnMap":{"0":{"name":"(empty-report)","decl":{"start":{"line":1,"column":0},"end":{"line":1,"column":0}},"loc":{"start":{"line":1,"column":0},"end":{"line":1,"column":0}},"line":1}},"f":{"0":1}}
}
